<?xml version="1.0" encoding="UTF-8"?>
<coverage generated="1715941017140" clover="3.2.0">
  <project timestamp="1715941017140" name="All files">
    <metrics statements="2" coveredstatements="2" conditionals="2" coveredconditionals="2" methods="1" coveredmethods="1" elements="5" coveredelements="5" complexity="0" loc="2" ncloc="2" packages="1" files="1" classes="1"/>
    <file name="ResetButton.tsx" path="C:\Users\muham\Desktop\Study\March\Tasks\tic-tac-toe\src\components\button\ResetButton.tsx">
      <metrics statements="2" coveredstatements="2" conditionals="2" coveredconditionals="2" methods="1" coveredmethods="1"/>
      <line num="4" count="2" type="stmt"/>
      <line num="16" count="1" type="stmt"/>
    </file>
  </project>
</coverage>
