{"C:\\Users\\muham\\Desktop\\Study\\March\\Tasks\\tic-tac-toe\\src\\components\\button\\ResetButton.tsx": {"path":"C:\\Users\\muham\\Desktop\\Study\\March\\Tasks\\tic-tac-toe\\src\\components\\button\\ResetButton.tsx","statementMap":{"0":{"start":{"line":4,"column":2},"end":{"line":13,"column":4}},"1":{"start":{"line":16,"column":0},"end":{"line":16,"column":27}}},"fnMap":{"0":{"name":"ResetButton","decl":{"start":{"line":3,"column":9},"end":{"line":3,"column":20}},"loc":{"start":{"line":3,"column":68},"end":{"line":14,"column":1}}}},"branchMap":{"0":{"loc":{"start":{"line":7,"column":8},"end":{"line":7,"column":null}},"type":"cond-expr","locations":[{"start":{"line":7,"column":18},"end":{"line":7,"column":34}},{"start":{"line":7,"column":37},"end":{"line":7,"column":null}}]}},"s":{"0":2,"1":1},"f":{"0":2},"b":{"0":[1,1]}}
,"C:\\Users\\muham\\Desktop\\Study\\March\\Tasks\\tic-tac-toe\\src\\components\\button\\index.ts": {"path":"C:\\Users\\muham\\Desktop\\Study\\March\\Tasks\\tic-tac-toe\\src\\components\\button\\index.ts","statementMap":{"0":{"start":{"line":1,"column":0},"end":{"line":1,"column":7}},"1":{"start":{"line":2,"column":9},"end":{"line":1,"column":40}}},"fnMap":{},"branchMap":{},"s":{"0":1,"1":1},"f":{},"b":{}}
}
